This is pdfTeX, Version 3.14159265-2.6-1.40.15 (TeX Live 2014) (preloaded format=pdflatex 2014.5.25)  5 JAN 2018 13:31
entering extended mode
 restricted \write18 enabled.
 %&-line parsing enabled.
**recommendation.tex
(./recommendation.tex
LaTeX2e <2014/05/01>
Babel <3.9k> and hyphenation patterns for 78 languages loaded.
(/usr/local/texlive/2014/texmf-dist/tex/latex/IEEEtran/IEEEtran.cls
Document Class: IEEEtran 2012/12/27 V1.8 by Michael Shell
-- See the "IEEEtran_HOWTO" manual for usage information.
-- http://www.michaelshell.org/tex/ieeetran/
\@IEEEtrantmpdimenA=\dimen102
\@IEEEtrantmpdimenB=\dimen103
\@IEEEtrantmpcountA=\count79
\@IEEEtrantmpcountB=\count80
\@IEEEtrantmptoksA=\toks14
LaTeX Font Info:    Try loading font information for OT1+ptm on input line 368.

(/usr/local/texlive/2014/texmf-dist/tex/latex/psnfss/ot1ptm.fd
File: ot1ptm.fd 2001/06/04 font definitions for OT1/ptm.
)
** ATTENTION: Single column mode is not typically used with IEEE publications.
-- Using 8.5in x 11in (letter) paper.
-- Using PDF output.
\@IEEEnormalsizeunitybaselineskip=\dimen104
-- This is a 10 point document.
\CLASSINFOnormalsizebaselineskip=\dimen105
\CLASSINFOnormalsizeunitybaselineskip=\dimen106
\IEEEnormaljot=\dimen107
LaTeX Font Info:    Font shape `OT1/ptm/bx/n' in size <5> not available
(Font)              Font shape `OT1/ptm/b/n' tried instead on input line 726.
LaTeX Font Info:    Font shape `OT1/ptm/bx/it' in size <5> not available
(Font)              Font shape `OT1/ptm/b/it' tried instead on input line 726.
LaTeX Font Info:    Font shape `OT1/ptm/bx/n' in size <7> not available
(Font)              Font shape `OT1/ptm/b/n' tried instead on input line 726.
LaTeX Font Info:    Font shape `OT1/ptm/bx/it' in size <7> not available
(Font)              Font shape `OT1/ptm/b/it' tried instead on input line 726.
LaTeX Font Info:    Font shape `OT1/ptm/bx/n' in size <8> not available
(Font)              Font shape `OT1/ptm/b/n' tried instead on input line 726.
LaTeX Font Info:    Font shape `OT1/ptm/bx/it' in size <8> not available
(Font)              Font shape `OT1/ptm/b/it' tried instead on input line 726.
LaTeX Font Info:    Font shape `OT1/ptm/bx/n' in size <9> not available
(Font)              Font shape `OT1/ptm/b/n' tried instead on input line 726.
LaTeX Font Info:    Font shape `OT1/ptm/bx/it' in size <9> not available
(Font)              Font shape `OT1/ptm/b/it' tried instead on input line 726.
LaTeX Font Info:    Font shape `OT1/ptm/bx/n' in size <10> not available
(Font)              Font shape `OT1/ptm/b/n' tried instead on input line 726.
LaTeX Font Info:    Font shape `OT1/ptm/bx/it' in size <10> not available
(Font)              Font shape `OT1/ptm/b/it' tried instead on input line 726.
LaTeX Font Info:    Font shape `OT1/ptm/bx/n' in size <11> not available
(Font)              Font shape `OT1/ptm/b/n' tried instead on input line 726.
LaTeX Font Info:    Font shape `OT1/ptm/bx/it' in size <11> not available
(Font)              Font shape `OT1/ptm/b/it' tried instead on input line 726.
LaTeX Font Info:    Font shape `OT1/ptm/bx/n' in size <12> not available
(Font)              Font shape `OT1/ptm/b/n' tried instead on input line 726.
LaTeX Font Info:    Font shape `OT1/ptm/bx/it' in size <12> not available
(Font)              Font shape `OT1/ptm/b/it' tried instead on input line 726.
LaTeX Font Info:    Font shape `OT1/ptm/bx/n' in size <17> not available
(Font)              Font shape `OT1/ptm/b/n' tried instead on input line 726.
LaTeX Font Info:    Font shape `OT1/ptm/bx/it' in size <17> not available
(Font)              Font shape `OT1/ptm/b/it' tried instead on input line 726.
LaTeX Font Info:    Font shape `OT1/ptm/bx/n' in size <20> not available
(Font)              Font shape `OT1/ptm/b/n' tried instead on input line 726.
LaTeX Font Info:    Font shape `OT1/ptm/bx/it' in size <20> not available
(Font)              Font shape `OT1/ptm/b/it' tried instead on input line 726.
LaTeX Font Info:    Font shape `OT1/ptm/bx/n' in size <24> not available
(Font)              Font shape `OT1/ptm/b/n' tried instead on input line 726.
LaTeX Font Info:    Font shape `OT1/ptm/bx/it' in size <24> not available
(Font)              Font shape `OT1/ptm/b/it' tried instead on input line 726.
\IEEEilabelindentA=\dimen108
\IEEEilabelindentB=\dimen109
\IEEEilabelindent=\dimen110
\IEEEelabelindent=\dimen111
\IEEEdlabelindent=\dimen112
\IEEElabelindent=\dimen113
\IEEEiednormlabelsep=\dimen114
\IEEEiedmathlabelsep=\dimen115
\IEEEiedtopsep=\skip41
\c@section=\count81
\c@subsection=\count82
\c@subsubsection=\count83
\c@paragraph=\count84
\c@IEEEsubequation=\count85
\abovecaptionskip=\skip42
\belowcaptionskip=\skip43
\c@figure=\count86
\c@table=\count87
\@IEEEeqnnumcols=\count88
\@IEEEeqncolcnt=\count89
\@IEEEsubeqnnumrollback=\count90
\@IEEEtmpitemindent=\dimen116
\c@IEEEbiography=\count91
\@IEEEtranrubishbin=\box26
) (/usr/local/texlive/2014/texmf-dist/tex/latex/amsmath/amsmath.sty
Package: amsmath 2013/01/14 v2.14 AMS math features
\@mathmargin=\skip44

For additional information on amsmath, use the `?' option.
(/usr/local/texlive/2014/texmf-dist/tex/latex/amsmath/amstext.sty
Package: amstext 2000/06/29 v2.01

(/usr/local/texlive/2014/texmf-dist/tex/latex/amsmath/amsgen.sty
File: amsgen.sty 1999/11/30 v2.0
\@emptytoks=\toks15
\ex@=\dimen117
))
(/usr/local/texlive/2014/texmf-dist/tex/latex/amsmath/amsbsy.sty
Package: amsbsy 1999/11/29 v1.2d
\pmbraise@=\dimen118
)
(/usr/local/texlive/2014/texmf-dist/tex/latex/amsmath/amsopn.sty
Package: amsopn 1999/12/14 v2.01 operator names
)
\inf@bad=\count92
LaTeX Info: Redefining \frac on input line 210.
\uproot@=\count93
\leftroot@=\count94
LaTeX Info: Redefining \overline on input line 306.
\classnum@=\count95
\DOTSCASE@=\count96
LaTeX Info: Redefining \ldots on input line 378.
LaTeX Info: Redefining \dots on input line 381.
LaTeX Info: Redefining \cdots on input line 466.
\Mathstrutbox@=\box27
\strutbox@=\box28
\big@size=\dimen119
LaTeX Font Info:    Redeclaring font encoding OML on input line 566.
LaTeX Font Info:    Redeclaring font encoding OMS on input line 567.
\macc@depth=\count97
\c@MaxMatrixCols=\count98
\dotsspace@=\muskip10
\c@parentequation=\count99
\dspbrk@lvl=\count100
\tag@help=\toks16
\row@=\count101
\column@=\count102
\maxfields@=\count103
\andhelp@=\toks17
\eqnshift@=\dimen120
\alignsep@=\dimen121
\tagshift@=\dimen122
\tagwidth@=\dimen123
\totwidth@=\dimen124
\lineht@=\dimen125
\@envbody=\toks18
\multlinegap=\skip45
\multlinetaggap=\skip46
\mathdisplay@stack=\toks19
LaTeX Info: Redefining \[ on input line 2665.
LaTeX Info: Redefining \] on input line 2666.
)
(/usr/local/texlive/2014/texmf-dist/tex/latex/mh/mathtools.sty
Package: mathtools 2014/05/21 v1.14 mathematical typesetting tools

(/usr/local/texlive/2014/texmf-dist/tex/latex/graphics/keyval.sty
Package: keyval 2014/05/08 v1.15 key=value parser (DPC)
\KV@toks@=\toks20
)
(/usr/local/texlive/2014/texmf-dist/tex/latex/tools/calc.sty
Package: calc 2007/08/22 v4.3 Infix arithmetic (KKT,FJ)
\calc@Acount=\count104
\calc@Bcount=\count105
\calc@Adimen=\dimen126
\calc@Bdimen=\dimen127
\calc@Askip=\skip47
\calc@Bskip=\skip48
LaTeX Info: Redefining \setlength on input line 75.
LaTeX Info: Redefining \addtolength on input line 76.
\calc@Ccount=\count106
\calc@Cskip=\skip49
)
(/usr/local/texlive/2014/texmf-dist/tex/latex/mh/mhsetup.sty
Package: mhsetup 2010/01/21 v1.2a programming setup (MH)
)
LaTeX Info: Thecontrolsequence`\['isalreadyrobust on input line 129.
LaTeX Info: Thecontrolsequence`\]'isalreadyrobust on input line 129.
\g_MT_multlinerow_int=\count107
\l_MT_multwidth_dim=\dimen128
\origjot=\skip50
\l_MT_shortvdotswithinadjustabove_dim=\dimen129
\l_MT_shortvdotswithinadjustbelow_dim=\dimen130
\l_MT_above_intertext_sep=\dimen131
\l_MT_below_intertext_sep=\dimen132
\l_MT_above_shortintertext_sep=\dimen133
\l_MT_below_shortintertext_sep=\dimen134
)
(/usr/local/texlive/2014/texmf-dist/tex/latex/graphics/graphicx.sty
Package: graphicx 2014/04/25 v1.0g Enhanced LaTeX Graphics (DPC,SPQR)

(/usr/local/texlive/2014/texmf-dist/tex/latex/graphics/graphics.sty
Package: graphics 2009/02/05 v1.0o Standard LaTeX Graphics (DPC,SPQR)

(/usr/local/texlive/2014/texmf-dist/tex/latex/graphics/trig.sty
Package: trig 1999/03/16 v1.09 sin cos tan (DPC)
)
(/usr/local/texlive/2014/texmf-dist/tex/latex/latexconfig/graphics.cfg
File: graphics.cfg 2010/04/23 v1.9 graphics configuration of TeX Live
)
Package graphics Info: Driver file: pdftex.def on input line 91.

(/usr/local/texlive/2014/texmf-dist/tex/latex/pdftex-def/pdftex.def
File: pdftex.def 2011/05/27 v0.06d Graphics/color for pdfTeX

(/usr/local/texlive/2014/texmf-dist/tex/generic/oberdiek/infwarerr.sty
Package: infwarerr 2010/04/08 v1.3 Providing info/warning/error messages (HO)
)
(/usr/local/texlive/2014/texmf-dist/tex/generic/oberdiek/ltxcmds.sty
Package: ltxcmds 2011/11/09 v1.22 LaTeX kernel commands for general use (HO)
)
\Gread@gobject=\count108
))
\Gin@req@height=\dimen135
\Gin@req@width=\dimen136
)
(/usr/local/texlive/2014/texmf-dist/tex/latex/enumitem/enumitem.sty
Package: enumitem 2011/09/28 v3.5.2 Customized lists
\labelindent=\skip51
\enit@outerparindent=\dimen137
\enit@toks=\toks21
\enit@inbox=\box29
\enitdp@description=\count109
)
(/usr/local/texlive/2014/texmf-dist/tex/latex/graphics/epsfig.sty
Package: epsfig 1999/02/16 v1.7a (e)psfig emulation (SPQR)
\epsfxsize=\dimen138
\epsfysize=\dimen139
)
(/usr/local/texlive/2014/texmf-dist/tex/latex/graphics/color.sty
Package: color 2014/04/23 v1.1a Standard LaTeX Color (DPC)

(/usr/local/texlive/2014/texmf-dist/tex/latex/latexconfig/color.cfg
File: color.cfg 2007/01/18 v1.5 color configuration of teTeX/TeXLive
)
Package color Info: Driver file: pdftex.def on input line 137.
)
(/usr/local/texlive/2014/texmf-dist/tex/latex/algorithms/algorithm.sty
Package: algorithm 2009/08/24 v0.1 Document Style `algorithm' - floating enviro
nment

(/usr/local/texlive/2014/texmf-dist/tex/latex/float/float.sty
Package: float 2001/11/08 v1.3d Float enhancements (AL)
\c@float@type=\count110
\float@exts=\toks22
\float@box=\box30
\@float@everytoks=\toks23
\@floatcapt=\box31
)
(/usr/local/texlive/2014/texmf-dist/tex/latex/base/ifthen.sty
Package: ifthen 2001/05/26 v1.1c Standard LaTeX ifthen package (DPC)
)
\@float@every@algorithm=\toks24
\c@algorithm=\count111
)
(/usr/local/texlive/2014/texmf-dist/tex/latex/algorithmicx/algpseudocode.sty
Package: algpseudocode 

(/usr/local/texlive/2014/texmf-dist/tex/latex/algorithmicx/algorithmicx.sty
Package: algorithmicx 2005/04/27 v1.2 Algorithmicx

Document Style algorithmicx 1.2 - a greatly improved `algorithmic' style
\c@ALG@line=\count112
\c@ALG@rem=\count113
\c@ALG@nested=\count114
\ALG@tlm=\skip52
\ALG@thistlm=\skip53
\c@ALG@Lnr=\count115
\c@ALG@blocknr=\count116
\c@ALG@storecount=\count117
\c@ALG@tmpcounter=\count118
\ALG@tmplength=\skip54
)
Document Style - pseudocode environments for use with the `algorithmicx' style
) (/usr/local/texlive/2014/texmf-dist/tex/latex/subfigure/subfigure.sty
Package: subfigure 2002/03/15 v2.1.5 subfigure package
\subfigtopskip=\skip55
\subfigcapskip=\skip56
\subfigcaptopadj=\dimen140
\subfigbottomskip=\skip57
\subfigcapmargin=\dimen141
\subfiglabelskip=\skip58
\c@subfigure=\count119
\c@lofdepth=\count120
\c@subtable=\count121
\c@lotdepth=\count122

****************************************
* Local config file subfigure.cfg used *
****************************************
(/usr/local/texlive/2014/texmf-dist/tex/latex/subfigure/subfigure.cfg)
\subfig@top=\skip59
\subfig@bottom=\skip60
)
(/usr/local/texlive/2014/texmf-dist/tex/latex/caption/caption.sty
Package: caption 2013/05/02 v3.3-89 Customizing captions (AR)

(/usr/local/texlive/2014/texmf-dist/tex/latex/caption/caption3.sty
Package: caption3 2013/05/02 v1.6-88 caption3 kernel (AR)
Package caption3 Info: TeX engine: e-TeX on input line 57.
\captionmargin=\dimen142
\captionmargin@=\dimen143
\captionwidth=\dimen144
\caption@tempdima=\dimen145
\caption@indent=\dimen146
\caption@parindent=\dimen147
\caption@hangindent=\dimen148
Package caption Info: Unknown document class (or package),
(caption)             standard defaults will be used.
)

Package caption Warning: Unsupported document class (or package) detected,
(caption)                usage of the caption package is not recommended.
See the caption package documentation for explanation.

Package caption Info: \@makecaption = \long macro:#1#2->\ifx \@captype \@IEEEta
blestring \footnotesize \bgroup \par \centering \@IEEEtabletopskipstrut {\norma
lfont \footnotesize #1}\\{\normalfont \footnotesize \scshape #2}\par \addvspace
 {0.5\baselineskip }\egroup \@IEEEtablecaptionsepspace \else \@IEEEfigurecaptio
nsepspace \setbox \@tempboxa \hbox {\normalfont \footnotesize {#1.}\nobreakspac
e \nobreakspace #2}\ifdim \wd \@tempboxa >\hsize \setbox \@tempboxa \hbox {\nor
malfont \footnotesize {#1.}\nobreakspace \nobreakspace }\parbox [t]{\hsize }{\n
ormalfont \footnotesize \noindent \unhbox \@tempboxa #2}\else \ifCLASSOPTIONcon
ference \hbox to\hsize {\normalfont \footnotesize \hfil \box \@tempboxa \hfil }
\else \hbox to\hsize {\normalfont \footnotesize \box \@tempboxa \hfil }\fi \fi 
\fi .
\c@ContinuedFloat=\count123
Package caption Info: float package is loaded.
Package caption Info: subfigure package is loaded.
) (/usr/local/texlive/2014/texmf-dist/tex/latex/csvsimple/csvsimple.sty
Package: csvsimple 2013/09/25 version 1.07 LaTeX CSV file processing

(/usr/local/texlive/2014/texmf-dist/tex/latex/pgf/utilities/pgfkeys.sty
(/usr/local/texlive/2014/texmf-dist/tex/generic/pgf/utilities/pgfkeys.code.tex
\pgfkeys@pathtoks=\toks25
\pgfkeys@temptoks=\toks26

(/usr/local/texlive/2014/texmf-dist/tex/generic/pgf/utilities/pgfkeysfiltered.c
ode.tex
\pgfkeys@tmptoks=\toks27
)))
\csv@file=\read1
\c@csvinputline=\count124
\c@csvrow=\count125
\c@csvcol=\count126
) (/usr/local/texlive/2014/texmf-dist/tex/latex/tools/longtable.sty
Package: longtable 2004/02/01 v4.11 Multi-page Table package (DPC)
\LTleft=\skip61
\LTright=\skip62
\LTpre=\skip63
\LTpost=\skip64
\LTchunksize=\count127
\LTcapwidth=\dimen149
\LT@head=\box32
\LT@firsthead=\box33
\LT@foot=\box34
\LT@lastfoot=\box35
\LT@cols=\count128
\LT@rows=\count129
\c@LT@tables=\count130
\c@LT@chunks=\count131
\LT@p@ftn=\toks28
)
(./recommendation.aux

LaTeX Warning: Label `thr' multiply defined.


LaTeX Warning: Label `thr' multiply defined.

)
\openout1 = `recommendation.aux'.

LaTeX Font Info:    Checking defaults for OML/cmm/m/it on input line 19.
LaTeX Font Info:    ... okay on input line 19.
LaTeX Font Info:    Checking defaults for T1/cmr/m/n on input line 19.
LaTeX Font Info:    ... okay on input line 19.
LaTeX Font Info:    Checking defaults for OT1/cmr/m/n on input line 19.
LaTeX Font Info:    ... okay on input line 19.
LaTeX Font Info:    Checking defaults for OMS/cmsy/m/n on input line 19.
LaTeX Font Info:    ... okay on input line 19.
LaTeX Font Info:    Checking defaults for OMX/cmex/m/n on input line 19.
LaTeX Font Info:    ... okay on input line 19.
LaTeX Font Info:    Checking defaults for U/cmr/m/n on input line 19.
LaTeX Font Info:    ... okay on input line 19.
 (/usr/local/texlive/2014/texmf-dist/tex/context/base/supp-pdf.mkii
[Loading MPS to PDF converter (version 2006.09.02).]
\scratchcounter=\count132
\scratchdimen=\dimen150
\scratchbox=\box36
\nofMPsegments=\count133
\nofMParguments=\count134
\everyMPshowfont=\toks29
\MPscratchCnt=\count135
\MPscratchDim=\dimen151
\MPnumerator=\count136
\makeMPintoPDFobject=\count137
\everyMPtoPDFconversion=\toks30
) (/usr/local/texlive/2014/texmf-dist/tex/generic/oberdiek/pdftexcmds.sty
Package: pdftexcmds 2011/11/29 v0.20 Utility functions of pdfTeX for LuaTeX (HO
)

(/usr/local/texlive/2014/texmf-dist/tex/generic/oberdiek/ifluatex.sty
Package: ifluatex 2010/03/01 v1.3 Provides the ifluatex switch (HO)
Package ifluatex Info: LuaTeX not detected.
)
(/usr/local/texlive/2014/texmf-dist/tex/generic/oberdiek/ifpdf.sty
Package: ifpdf 2011/01/30 v2.3 Provides the ifpdf switch (HO)
Package ifpdf Info: pdfTeX in PDF mode is detected.
)
Package pdftexcmds Info: LuaTeX not detected.
Package pdftexcmds Info: \pdf@primitive is available.
Package pdftexcmds Info: \pdf@ifprimitive is available.
Package pdftexcmds Info: \pdfdraftmode found.
)
(/usr/local/texlive/2014/texmf-dist/tex/latex/oberdiek/epstopdf-base.sty
Package: epstopdf-base 2010/02/09 v2.5 Base part for package epstopdf

(/usr/local/texlive/2014/texmf-dist/tex/latex/oberdiek/grfext.sty
Package: grfext 2010/08/19 v1.1 Manage graphics extensions (HO)

(/usr/local/texlive/2014/texmf-dist/tex/generic/oberdiek/kvdefinekeys.sty
Package: kvdefinekeys 2011/04/07 v1.3 Define keys (HO)
))
(/usr/local/texlive/2014/texmf-dist/tex/latex/oberdiek/kvoptions.sty
Package: kvoptions 2011/06/30 v3.11 Key value format for package options (HO)

(/usr/local/texlive/2014/texmf-dist/tex/generic/oberdiek/kvsetkeys.sty
Package: kvsetkeys 2012/04/25 v1.16 Key value parser (HO)

(/usr/local/texlive/2014/texmf-dist/tex/generic/oberdiek/etexcmds.sty
Package: etexcmds 2011/02/16 v1.5 Avoid name clashes with e-TeX commands (HO)
Package etexcmds Info: Could not find \expanded.
(etexcmds)             That can mean that you are not using pdfTeX 1.50 or
(etexcmds)             that some package has redefined \expanded.
(etexcmds)             In the latter case, load this package earlier.
)))
Package grfext Info: Graphics extension search list:
(grfext)             [.png,.pdf,.jpg,.mps,.jpeg,.jbig2,.jb2,.PNG,.PDF,.JPG,.JPE
G,.JBIG2,.JB2,.eps]
(grfext)             \AppendGraphicsExtensions on input line 452.

(/usr/local/texlive/2014/texmf-dist/tex/latex/latexconfig/epstopdf-sys.cfg
File: epstopdf-sys.cfg 2010/07/13 v1.3 Configuration of (r)epstopdf for TeX Liv
e
))
Package caption Info: Begin \AtBeginDocument code.
Package caption Info: longtable package is loaded.

(/usr/local/texlive/2014/texmf-dist/tex/latex/caption/ltcaption.sty
Package: ltcaption 2013/02/03 v1.3-62 longtable captions (AR)
)
Package caption Info: End \AtBeginDocument code.

Underfull \hbox (badness 10000) in paragraph at lines 23--25

 []


Underfull \hbox (badness 10000) in paragraph at lines 25--26

 []


Underfull \hbox (badness 10000) in paragraph at lines 26--27

 []


Underfull \hbox (badness 10000) in paragraph at lines 27--28

 []


Underfull \hbox (badness 10000) in paragraph at lines 47--48

 []

[1{/usr/local/texlive/2014/texmf-var/fonts/map/pdftex/updmap/pdftex.map}]
Package epstopdf Info: Source file: <images/fold1.eps>
(epstopdf)                    date: 2017-04-04 00:22:54
(epstopdf)                    size: 23445 bytes
(epstopdf)             Output file: <images/fold1-eps-converted-to.pdf>
(epstopdf)                    date: 2017-04-04 00:23:01
(epstopdf)                    size: 15464 bytes
(epstopdf)             Command: <repstopdf --outfile=images/fold1-eps-converted
-to.pdf images/fold1.eps>
(epstopdf)             \includegraphics on input line 72.
Package epstopdf Info: Output file is already uptodate.

<images/fold1-eps-converted-to.pdf, id=16, 361.35pt x 252.945pt>
File: images/fold1-eps-converted-to.pdf Graphic file (type pdf)

<use images/fold1-eps-converted-to.pdf>
Package pdftex.def Info: images/fold1-eps-converted-to.pdf used on input line 7
2.
(pdftex.def)             Requested size: 354.12059pt x 247.8844pt.
Package epstopdf Info: Source file: <images/fold2.eps>
(epstopdf)                    date: 2017-04-04 00:22:54
(epstopdf)                    size: 23445 bytes
(epstopdf)             Output file: <images/fold2-eps-converted-to.pdf>
(epstopdf)                    date: 2017-04-04 00:23:03
(epstopdf)                    size: 15807 bytes
(epstopdf)             Command: <repstopdf --outfile=images/fold2-eps-converted
-to.pdf images/fold2.eps>
(epstopdf)             \includegraphics on input line 80.
Package epstopdf Info: Output file is already uptodate.

<images/fold2-eps-converted-to.pdf, id=17, 361.35pt x 252.945pt>
File: images/fold2-eps-converted-to.pdf Graphic file (type pdf)

<use images/fold2-eps-converted-to.pdf>
Package pdftex.def Info: images/fold2-eps-converted-to.pdf used on input line 8
0.
(pdftex.def)             Requested size: 354.12059pt x 247.8844pt.
 [2 <./images/fold1-eps-converted-to.pdf>]
Package epstopdf Info: Source file: <images/fold3.eps>
(epstopdf)                    date: 2017-04-04 00:22:54
(epstopdf)                    size: 23445 bytes
(epstopdf)             Output file: <images/fold3-eps-converted-to.pdf>
(epstopdf)                    date: 2017-04-04 00:23:04
(epstopdf)                    size: 15477 bytes
(epstopdf)             Command: <repstopdf --outfile=images/fold3-eps-converted
-to.pdf images/fold3.eps>
(epstopdf)             \includegraphics on input line 87.
Package epstopdf Info: Output file is already uptodate.
 <images/fold3-eps-converted-to.pdf, id=26, 361.35pt x 252.945pt>
File: images/fold3-eps-converted-to.pdf Graphic file (type pdf)

<use images/fold3-eps-converted-to.pdf>
Package pdftex.def Info: images/fold3-eps-converted-to.pdf used on input line 8
7.
(pdftex.def)             Requested size: 354.12059pt x 247.8844pt.
Package epstopdf Info: Source file: <images/mean.eps>
(epstopdf)                    date: 2017-04-04 00:22:54
(epstopdf)                    size: 23453 bytes
(epstopdf)             Output file: <images/mean-eps-converted-to.pdf>
(epstopdf)                    date: 2017-04-04 00:23:06
(epstopdf)                    size: 16260 bytes
(epstopdf)             Command: <repstopdf --outfile=images/mean-eps-converted-
to.pdf images/mean.eps>
(epstopdf)             \includegraphics on input line 95.
Package epstopdf Info: Output file is already uptodate.

<images/mean-eps-converted-to.pdf, id=27, 361.35pt x 252.945pt>
File: images/mean-eps-converted-to.pdf Graphic file (type pdf)

<use images/mean-eps-converted-to.pdf>
Package pdftex.def Info: images/mean-eps-converted-to.pdf used on input line 95
.
(pdftex.def)             Requested size: 354.12059pt x 247.8844pt.
 [3 <./images/fold2-eps-converted-to.pdf> <./images/fold3-eps-converted-to.pdf>
]
Underfull \hbox (badness 10000) in paragraph at lines 101--102

 []

Package epstopdf Info: Source file: <images/mae.eps>
(epstopdf)                    date: 2017-04-04 00:22:54
(epstopdf)                    size: 21995 bytes
(epstopdf)             Output file: <images/mae-eps-converted-to.pdf>
(epstopdf)                    date: 2017-04-04 00:23:07
(epstopdf)                    size: 12862 bytes
(epstopdf)             Command: <repstopdf --outfile=images/mae-eps-converted-t
o.pdf images/mae.eps>
(epstopdf)             \includegraphics on input line 134.
Package epstopdf Info: Output file is already uptodate.
<images/mae-eps-converted-to.pdf, id=41, 361.35pt x 252.945pt>
File: images/mae-eps-converted-to.pdf Graphic file (type pdf)

<use images/mae-eps-converted-to.pdf>
Package pdftex.def Info: images/mae-eps-converted-to.pdf used on input line 134
.
(pdftex.def)             Requested size: 245.71754pt x 172.00418pt.
Package epstopdf Info: Source file: <images/rmse.eps>
(epstopdf)                    date: 2017-04-04 00:22:54
(epstopdf)                    size: 22150 bytes
(epstopdf)             Output file: <images/rmse-eps-converted-to.pdf>
(epstopdf)                    date: 2017-04-04 00:23:08
(epstopdf)                    size: 13882 bytes
(epstopdf)             Command: <repstopdf --outfile=images/rmse-eps-converted-
to.pdf images/rmse.eps>
(epstopdf)             \includegraphics on input line 136.
Package epstopdf Info: Output file is already uptodate.

<images/rmse-eps-converted-to.pdf, id=42, 361.35pt x 252.945pt>
File: images/rmse-eps-converted-to.pdf Graphic file (type pdf)

<use images/rmse-eps-converted-to.pdf>
Package pdftex.def Info: images/rmse-eps-converted-to.pdf used on input line 13
6.
(pdftex.def)             Requested size: 245.71754pt x 172.00418pt.
 [4 <./images/mean-eps-converted-to.pdf>]
Underfull \hbox (badness 10000) in paragraph at lines 160--161

 []

Package epstopdf Info: Source file: <images/ucfBestK_histo_mae.eps>
(epstopdf)                    date: 2017-04-04 00:22:54
(epstopdf)                    size: 23283 bytes
(epstopdf)             Output file: <images/ucfBestK_histo_mae-eps-converted-to
.pdf>
(epstopdf)                    date: 2017-04-04 00:23:10
(epstopdf)                    size: 10483 bytes
(epstopdf)             Command: <repstopdf --outfile=images/ucfBestK_histo_mae-
eps-converted-to.pdf images/ucfBestK_histo_mae.eps>
(epstopdf)             \includegraphics on input line 170.
Package epstopdf Info: Output file is already uptodate.
<images/ucfBestK_histo_mae-eps-converted-to.pdf, id=51, 361.35pt x 252.945pt>
File: images/ucfBestK_histo_mae-eps-converted-to.pdf Graphic file (type pdf)

<use images/ucfBestK_histo_mae-eps-converted-to.pdf>
Package pdftex.def Info: images/ucfBestK_histo_mae-eps-converted-to.pdf used on
 input line 170.
(pdftex.def)             Requested size: 245.71754pt x 172.00418pt.
Package epstopdf Info: Source file: <images/ucfBestK_histo_rmse.eps>
(epstopdf)                    date: 2017-04-04 00:22:54
(epstopdf)                    size: 23280 bytes
(epstopdf)             Output file: <images/ucfBestK_histo_rmse-eps-converted-t
o.pdf>
(epstopdf)                    date: 2017-04-04 00:23:11
(epstopdf)                    size: 10904 bytes
(epstopdf)             Command: <repstopdf --outfile=images/ucfBestK_histo_rmse
-eps-converted-to.pdf images/ucfBestK_histo_rmse.eps>
(epstopdf)             \includegraphics on input line 172.
Package epstopdf Info: Output file is already uptodate.

<images/ucfBestK_histo_rmse-eps-converted-to.pdf, id=52, 361.35pt x 252.945pt>
File: images/ucfBestK_histo_rmse-eps-converted-to.pdf Graphic file (type pdf)

<use images/ucfBestK_histo_rmse-eps-converted-to.pdf>
Package pdftex.def Info: images/ucfBestK_histo_rmse-eps-converted-to.pdf used o
n input line 172.
(pdftex.def)             Requested size: 245.71754pt x 172.00418pt.
Package epstopdf Info: Source file: <images/ucfBestK.eps>
(epstopdf)                    date: 2017-04-04 00:22:54
(epstopdf)                    size: 22272 bytes
(epstopdf)             Output file: <images/ucfBestK-eps-converted-to.pdf>
(epstopdf)                    date: 2017-04-04 00:23:13
(epstopdf)                    size: 6560 bytes
(epstopdf)             Command: <repstopdf --outfile=images/ucfBestK-eps-conver
ted-to.pdf images/ucfBestK.eps>
(epstopdf)             \includegraphics on input line 181.
Package epstopdf Info: Output file is already uptodate.

<images/ucfBestK-eps-converted-to.pdf, id=53, 361.35pt x 252.945pt>
File: images/ucfBestK-eps-converted-to.pdf Graphic file (type pdf)

<use images/ucfBestK-eps-converted-to.pdf>
Package pdftex.def Info: images/ucfBestK-eps-converted-to.pdf used on input lin
e 181.
(pdftex.def)             Requested size: 354.12059pt x 247.8844pt.
 [5 <./images/mae-eps-converted-to.pdf> <./images/rmse-eps-converted-to.pdf> <.
/images/ucfBestK_histo_mae-eps-converted-to.pdf> <./images/ucfBestK_histo_rmse-
eps-converted-to.pdf>]
Package epstopdf Info: Source file: <images/icfBestK_histo_mae.eps>
(epstopdf)                    date: 2017-04-04 00:22:54
(epstopdf)                    size: 23113 bytes
(epstopdf)             Output file: <images/icfBestK_histo_mae-eps-converted-to
.pdf>
(epstopdf)                    date: 2017-04-04 00:23:14
(epstopdf)                    size: 8541 bytes
(epstopdf)             Command: <repstopdf --outfile=images/icfBestK_histo_mae-
eps-converted-to.pdf images/icfBestK_histo_mae.eps>
(epstopdf)             \includegraphics on input line 192.
Package epstopdf Info: Output file is already uptodate.

<images/icfBestK_histo_mae-eps-converted-to.pdf, id=77, 361.35pt x 252.945pt>
File: images/icfBestK_histo_mae-eps-converted-to.pdf Graphic file (type pdf)

<use images/icfBestK_histo_mae-eps-converted-to.pdf>
Package pdftex.def Info: images/icfBestK_histo_mae-eps-converted-to.pdf used on
 input line 192.
(pdftex.def)             Requested size: 245.71754pt x 172.00418pt.
Package epstopdf Info: Source file: <images/icfBestK_histo_rmse.eps>
(epstopdf)                    date: 2017-04-04 00:22:54
(epstopdf)                    size: 23414 bytes
(epstopdf)             Output file: <images/icfBestK_histo_rmse-eps-converted-t
o.pdf>
(epstopdf)                    date: 2017-04-04 00:23:16
(epstopdf)                    size: 8791 bytes
(epstopdf)             Command: <repstopdf --outfile=images/icfBestK_histo_rmse
-eps-converted-to.pdf images/icfBestK_histo_rmse.eps>
(epstopdf)             \includegraphics on input line 194.
Package epstopdf Info: Output file is already uptodate.

<images/icfBestK_histo_rmse-eps-converted-to.pdf, id=78, 361.35pt x 252.945pt>
File: images/icfBestK_histo_rmse-eps-converted-to.pdf Graphic file (type pdf)

<use images/icfBestK_histo_rmse-eps-converted-to.pdf>
Package pdftex.def Info: images/icfBestK_histo_rmse-eps-converted-to.pdf used o
n input line 194.
(pdftex.def)             Requested size: 245.71754pt x 172.00418pt.
Package epstopdf Info: Source file: <images/icfBestK.eps>
(epstopdf)                    date: 2017-04-04 00:22:54
(epstopdf)                    size: 22275 bytes
(epstopdf)             Output file: <images/icfBestK-eps-converted-to.pdf>
(epstopdf)                    date: 2017-04-04 00:23:17
(epstopdf)                    size: 6548 bytes
(epstopdf)             Command: <repstopdf --outfile=images/icfBestK-eps-conver
ted-to.pdf images/icfBestK.eps>
(epstopdf)             \includegraphics on input line 205.
Package epstopdf Info: Output file is already uptodate.

<images/icfBestK-eps-converted-to.pdf, id=79, 361.35pt x 252.945pt>
File: images/icfBestK-eps-converted-to.pdf Graphic file (type pdf)

<use images/icfBestK-eps-converted-to.pdf>
Package pdftex.def Info: images/icfBestK-eps-converted-to.pdf used on input lin
e 205.
(pdftex.def)             Requested size: 354.12059pt x 247.8844pt.
 [6 <./images/ucfBestK-eps-converted-to.pdf> <./images/icfBestK_histo_mae-eps-c
onverted-to.pdf> <./images/icfBestK_histo_rmse-eps-converted-to.pdf>] [7 <./ima
ges/icfBestK-eps-converted-to.pdf>]
(./recommendation.aux)

LaTeX Warning: There were multiply-defined labels.

 ) 
Here is how much of TeX's memory you used:
 6306 strings out of 493117
 107991 string characters out of 6135433
 177399 words of memory out of 5000000
 9673 multiletter control sequences out of 15000+600000
 33443 words of font info for 64 fonts, out of 8000000 for 9000
 1141 hyphenation exceptions out of 8191
 40i,7n,40p,1057b,332s stack positions out of 5000i,500n,10000p,200000b,80000s
{/usr/local/texlive/2014/texmf-dist/fonts/enc/dvips/base/8r.enc}</usr/local/t
exlive/2014/texmf-dist/fonts/type1/public/amsfonts/cm/cmex10.pfb></usr/local/te
xlive/2014/texmf-dist/fonts/type1/public/amsfonts/cm/cmmi10.pfb></usr/local/tex
live/2014/texmf-dist/fonts/type1/public/amsfonts/cm/cmmi7.pfb></usr/local/texli
ve/2014/texmf-dist/fonts/type1/public/amsfonts/cm/cmr10.pfb></usr/local/texlive
/2014/texmf-dist/fonts/type1/public/amsfonts/cm/cmr7.pfb></usr/local/texlive/20
14/texmf-dist/fonts/type1/public/amsfonts/cm/cmsy10.pfb></usr/local/texlive/201
4/texmf-dist/fonts/type1/public/amsfonts/cm/cmsy7.pfb></usr/local/texlive/2014/
texmf-dist/fonts/type1/urw/times/utmb8a.pfb></usr/local/texlive/2014/texmf-dist
/fonts/type1/urw/times/utmr8a.pfb></usr/local/texlive/2014/texmf-dist/fonts/typ
e1/urw/times/utmri8a.pfb>
Output written on recommendation.pdf (7 pages, 222205 bytes).
PDF statistics:
 141 PDF objects out of 1000 (max. 8388607)
 97 compressed objects within 1 object stream
 0 named destinations out of 1000 (max. 500000)
 61 words of extra memory for PDF output out of 10000 (max. 10000000)

